<?xml version="1.0" encoding="UTF-8"?>
<!-- Generated by org.testng.reporters.JUnitReportReporter -->
<testsuite hostname="DESKTOP-LI9TG70" failures="0" tests="1" name="com.salesforce.automation.scripts.TestScripts" time="16.547" errors="0" timestamp="2022-10-02T14:06:23 EDT" skipped="0">
  <testcase classname="com.salesforce.automation.scripts.TestScripts" name="emptyPasswordTC1" time="16.547"/>
  <system-out/>
</testsuite> <!-- com.salesforce.automation.scripts.TestScripts -->