<?xml version="1.0" encoding="UTF-8"?>
<!-- Generated by org.testng.reporters.JUnitReportReporter -->
<testsuite hostname="DESKTOP-LI9TG70" failures="0" tests="1" name="com.salesforce.automation.runner.SalesforceRunner" time="22.312" errors="0" timestamp="2022-10-08T19:20:44 GMT-04:00" skipped="0">
  <testcase classname="com.salesforce.automation.runner.SalesforceRunner" name="runScenario" time="22.312"/>
  <system-out/>
</testsuite> <!-- com.salesforce.automation.runner.SalesforceRunner -->