<?xml version="1.0" encoding="UTF-8"?>
<!-- Generated by org.testng.reporters.JUnitReportReporter -->
<testsuite hostname="DESKTOP-LI9TG70" failures="0" tests="1" name="com.salesforce.automationScripts.TestScripts" time="54.904" errors="0" timestamp="2022-09-29T01:56:34 EDT" skipped="0">
  <testcase classname="com.salesforce.automationScripts.TestScripts" name="verifyNameTC34" time="54.904"/>
  <system-out/>
</testsuite> <!-- com.salesforce.automationScripts.TestScripts -->